<?xml version="1.0" encoding="UTF-8"?>
<testsuite xmlns:xsi="http://www.w3.org/2001/XMLSchema-instance" xsi:noNamespaceSchemaLocation="https://maven.apache.org/surefire/maven-surefire-plugin/xsd/surefire-test-report.xsd" name="org.db.AppTest" time="0.03" tests="1" errors="0" skipped="0" failures="0">
  <properties>
    <property name="sun.desktop" value="windows"/>
    <property name="awt.toolkit" value="sun.awt.windows.WToolkit"/>
    <property name="java.specification.version" value="11"/>
    <property name="sun.cpu.isalist" value="amd64"/>
    <property name="sun.jnu.encoding" value="Cp1252"/>
    <property name="java.class.path" value="C:\DLTE-JAVA-FULL-STACK-SANATHKUMARSJ-2024\DLTE-JAVA\DLTE-JAVA-TechReview\Employee_Database\target\test-classes;C:\DLTE-JAVA-FULL-STACK-SANATHKUMARSJ-2024\DLTE-JAVA\DLTE-JAVA-TechReview\Employee_Database\target\classes;C:\Users\xxsjjjjs\.m2\repository\junit\junit\4.11\junit-4.11.jar;C:\Users\xxsjjjjs\.m2\repository\org\hamcrest\hamcrest-core\1.3\hamcrest-core-1.3.jar;C:\Users\xxsjjjjs\.m2\repository\ch\qos\logback\logback-classic\1.3.14\logback-classic-1.3.14.jar;C:\Users\xxsjjjjs\.m2\repository\ch\qos\logback\logback-core\1.3.14\logback-core-1.3.14.jar;C:\Users\xxsjjjjs\.m2\repository\org\example\Employee_Console_DB\2.0-SNAPSHOT\Employee_Console_DB-2.0-SNAPSHOT.jar;C:\Users\xxsjjjjs\.m2\repository\org\employeefile\Employee_file\1.0-SNAPSHOT\Employee_file-1.0-SNAPSHOT.jar;C:\Users\xxsjjjjs\.m2\repository\org\consoleapp\Employee_Console_App\1.0-SNAPSHOT\Employee_Console_App-1.0-SNAPSHOT.jar;C:\Users\xxsjjjjs\.m2\repository\org\slf4j\slf4j-api\2.0.7\slf4j-api-2.0.7.jar;C:\Users\xxsjjjjs\.m2\repository\com\oracle\database\jdbc\ojdbc6\11.2.0.4\ojdbc6-11.2.0.4.jar;C:\Users\xxsjjjjs\.m2\repository\com\oracle\database\jdbc\ucp\11.2.0.4\ucp-11.2.0.4.jar;C:\Users\xxsjjjjs\.m2\repository\com\oracle\database\security\oraclepki\11.2.0.4\oraclepki-11.2.0.4.jar;C:\Users\xxsjjjjs\.m2\repository\com\oracle\database\security\osdt_cert\11.2.0.4\osdt_cert-11.2.0.4.jar;C:\Users\xxsjjjjs\.m2\repository\com\oracle\database\security\osdt_core\11.2.0.4\osdt_core-11.2.0.4.jar;C:\Users\xxsjjjjs\.m2\repository\com\oracle\database\ha\simplefan\11.2.0.4\simplefan-11.2.0.4.jar;C:\Users\xxsjjjjs\.m2\repository\com\oracle\database\ha\ons\11.2.0.4\ons-11.2.0.4.jar;"/>
    <property name="java.vm.vendor" value="JetBrains s.r.o"/>
    <property name="sun.arch.data.model" value="64"/>
    <property name="user.variant" value=""/>
    <property name="java.vendor.url" value="https://www.jetbrains.com/"/>
    <property name="user.timezone" value="Asia/Calcutta"/>
    <property name="java.vm.specification.version" value="11"/>
    <property name="os.name" value="Windows 10"/>
    <property name="sun.java.launcher" value="SUN_STANDARD"/>
    <property name="user.country" value="US"/>
    <property name="sun.boot.library.path" value="C:\Program Files\JetBrains\IntelliJ IDEA 2019.3.1\jbr\bin"/>
    <property name="sun.java.command" value="C:\Users\xxsjjjjs\AppData\Local\Temp\surefire9698996513234554727\surefirebooter11301616871569590264.jar C:\Users\xxsjjjjs\AppData\Local\Temp\surefire9698996513234554727 2024-03-13T11-59-41_625-jvmRun1 surefire14127520373809779944tmp surefire_0595409472405870987tmp"/>
    <property name="jdk.debug" value="release"/>
    <property name="surefire.test.class.path" value="C:\DLTE-JAVA-FULL-STACK-SANATHKUMARSJ-2024\DLTE-JAVA\DLTE-JAVA-TechReview\Employee_Database\target\test-classes;C:\DLTE-JAVA-FULL-STACK-SANATHKUMARSJ-2024\DLTE-JAVA\DLTE-JAVA-TechReview\Employee_Database\target\classes;C:\Users\xxsjjjjs\.m2\repository\junit\junit\4.11\junit-4.11.jar;C:\Users\xxsjjjjs\.m2\repository\org\hamcrest\hamcrest-core\1.3\hamcrest-core-1.3.jar;C:\Users\xxsjjjjs\.m2\repository\ch\qos\logback\logback-classic\1.3.14\logback-classic-1.3.14.jar;C:\Users\xxsjjjjs\.m2\repository\ch\qos\logback\logback-core\1.3.14\logback-core-1.3.14.jar;C:\Users\xxsjjjjs\.m2\repository\org\example\Employee_Console_DB\2.0-SNAPSHOT\Employee_Console_DB-2.0-SNAPSHOT.jar;C:\Users\xxsjjjjs\.m2\repository\org\employeefile\Employee_file\1.0-SNAPSHOT\Employee_file-1.0-SNAPSHOT.jar;C:\Users\xxsjjjjs\.m2\repository\org\consoleapp\Employee_Console_App\1.0-SNAPSHOT\Employee_Console_App-1.0-SNAPSHOT.jar;C:\Users\xxsjjjjs\.m2\repository\org\slf4j\slf4j-api\2.0.7\slf4j-api-2.0.7.jar;C:\Users\xxsjjjjs\.m2\repository\com\oracle\database\jdbc\ojdbc6\11.2.0.4\ojdbc6-11.2.0.4.jar;C:\Users\xxsjjjjs\.m2\repository\com\oracle\database\jdbc\ucp\11.2.0.4\ucp-11.2.0.4.jar;C:\Users\xxsjjjjs\.m2\repository\com\oracle\database\security\oraclepki\11.2.0.4\oraclepki-11.2.0.4.jar;C:\Users\xxsjjjjs\.m2\repository\com\oracle\database\security\osdt_cert\11.2.0.4\osdt_cert-11.2.0.4.jar;C:\Users\xxsjjjjs\.m2\repository\com\oracle\database\security\osdt_core\11.2.0.4\osdt_core-11.2.0.4.jar;C:\Users\xxsjjjjs\.m2\repository\com\oracle\database\ha\simplefan\11.2.0.4\simplefan-11.2.0.4.jar;C:\Users\xxsjjjjs\.m2\repository\com\oracle\database\ha\ons\11.2.0.4\ons-11.2.0.4.jar;"/>
    <property name="sun.cpu.endian" value="little"/>
    <property name="user.home" value="C:\Users\xxsjjjjs"/>
    <property name="user.language" value="en"/>
    <property name="java.specification.vendor" value="Oracle Corporation"/>
    <property name="java.version.date" value="2019-10-15"/>
    <property name="java.home" value="C:\Program Files\JetBrains\IntelliJ IDEA 2019.3.1\jbr"/>
    <property name="file.separator" value="\"/>
    <property name="basedir" value="C:\DLTE-JAVA-FULL-STACK-SANATHKUMARSJ-2024\DLTE-JAVA\DLTE-JAVA-TechReview\Employee_Database"/>
    <property name="java.vm.compressedOopsMode" value="Zero based"/>
    <property name="line.separator" value="&#10;"/>
    <property name="java.specification.name" value="Java Platform API Specification"/>
    <property name="java.vm.specification.vendor" value="Oracle Corporation"/>
    <property name="java.awt.graphicsenv" value="sun.awt.Win32GraphicsEnvironment"/>
    <property name="surefire.real.class.path" value="C:\Users\xxsjjjjs\AppData\Local\Temp\surefire9698996513234554727\surefirebooter11301616871569590264.jar"/>
    <property name="user.script" value=""/>
    <property name="sun.management.compiler" value="HotSpot 64-Bit Tiered Compilers"/>
    <property name="java.runtime.version" value="11.0.5+10-b520.17"/>
    <property name="user.name" value="xxsjjjjs"/>
    <property name="path.separator" value=";"/>
    <property name="os.version" value="10.0"/>
    <property name="java.runtime.name" value="OpenJDK Runtime Environment"/>
    <property name="file.encoding" value="Cp1252"/>
    <property name="java.vm.name" value="OpenJDK 64-Bit Server VM"/>
    <property name="localRepository" value="C:\Users\xxsjjjjs\.m2\repository"/>
    <property name="java.vendor.url.bug" value="https://youtrack.jetbrains.com"/>
    <property name="java.io.tmpdir" value="C:\Users\xxsjjjjs\AppData\Local\Temp\"/>
    <property name="java.version" value="11.0.5"/>
    <property name="user.dir" value="C:\DLTE-JAVA-FULL-STACK-SANATHKUMARSJ-2024\DLTE-JAVA\DLTE-JAVA-TechReview\Employee_Database"/>
    <property name="os.arch" value="amd64"/>
    <property name="java.vm.specification.name" value="Java Virtual Machine Specification"/>
    <property name="java.awt.printerjob" value="sun.awt.windows.WPrinterJob"/>
    <property name="idea.version2019.3.1" value="true"/>
    <property name="sun.os.patch.level" value=""/>
    <property name="java.library.path" value="C:\Program Files\JetBrains\IntelliJ IDEA 2019.3.1\jbr\bin;C:\WINDOWS\Sun\Java\bin;C:\WINDOWS\system32;C:\WINDOWS;C:\oraclexe\app\oracle\product\11.2.0\server\bin;C:\WINDOWS\system32;C:\WINDOWS;C:\WINDOWS\System32\Wbem;C:\WINDOWS\System32\WindowsPowerShell\v1.0\;C:\WINDOWS\System32\OpenSSH\;C:\Program Files\RedHat\java-1.8.0-openjdk-1.8.0.292-2\bin;C:\Program Files\RedHat\java-1.8.0-openjdk-1.8.0.292-2\jre\bin;C:\Program Files\RedHat\java-1.8.0-openjdk-1.8.0.292-2\bin;C:\Maven\apache-maven-3.3.9\bin;C:\Program Files\Git\cmd;C:\Users\xxsjjjjs\AppData\Local\Microsoft\WindowsApps;;C:\Program Files\JetBrains\IntelliJ IDEA 2019.3.1\bin;;C:\Users\xxsjjjjs\AppData\Local\Programs\Microsoft VS Code\bin;."/>
    <property name="java.vendor" value="JetBrains s.r.o"/>
    <property name="java.vm.info" value="mixed mode, sharing"/>
    <property name="java.vm.version" value="11.0.5+10-b520.17"/>
    <property name="sun.io.unicode.encoding" value="UnicodeLittle"/>
    <property name="java.class.version" value="55.0"/>
  </properties>
  <testcase name="shouldAnswerWithTrue" classname="org.db.AppTest" time="0.002"/>
</testsuite>